[debug] [2017-12-31T22:18:24.405Z] ----------------------------------------------------------------------
[debug] [2017-12-31T22:18:24.407Z] Command:       /usr/local/bin/node /usr/local/bin/firebase serve
[debug] [2017-12-31T22:18:24.407Z] CLI Version:   3.16.0
[debug] [2017-12-31T22:18:24.407Z] Platform:      darwin
[debug] [2017-12-31T22:18:24.407Z] Node Version:  v8.9.3
[debug] [2017-12-31T22:18:24.407Z] Time:          Sun Dec 31 2017 17:18:24 GMT-0500 (EST)
[debug] [2017-12-31T22:18:24.407Z] ----------------------------------------------------------------------
[debug] 
[debug] [2017-12-31T22:18:24.417Z] > command requires scopes: ["email","openid","https://www.googleapis.com/auth/cloudplatformprojects.readonly","https://www.googleapis.com/auth/firebase","https://www.googleapis.com/auth/cloud-platform"]
[debug] [2017-12-31T22:18:24.418Z] > authorizing via signed-in user
[debug] [2017-12-31T22:18:24.419Z] > refreshing access token with scopes: ["email","https://www.googleapis.com/auth/cloud-platform","https://www.googleapis.com/auth/cloudplatformprojects.readonly","https://www.googleapis.com/auth/firebase","openid"]
[debug] [2017-12-31T22:18:24.420Z] >>> HTTP REQUEST POST https://www.googleapis.com/oauth2/v3/token  
 { refresh_token: '1/6zQ5dwoDX65OFKDdKZmOSqQCoxJMhr4T2vPp1TV3Ns4',
  client_id: '563584335869-fgrhgmd47bqnekij5i8b5pr03ho849e6.apps.googleusercontent.com',
  client_secret: 'j9iVZfS8kkCEFUPaAeJV0sAi',
  grant_type: 'refresh_token',
  scope: 'email https://www.googleapis.com/auth/cloud-platform https://www.googleapis.com/auth/cloudplatformprojects.readonly https://www.googleapis.com/auth/firebase openid' } 
 Sun Dec 31 2017 17:18:24 GMT-0500 (EST)
[debug] [2017-12-31T22:18:24.660Z] <<< HTTP RESPONSE 200
[debug] [2017-12-31T22:18:24.678Z] >>> HTTP REQUEST GET https://admin.firebase.com/v1/projects/coup-online  
  
 Sun Dec 31 2017 17:18:24 GMT-0500 (EST)
[debug] [2017-12-31T22:18:25.378Z] <<< HTTP RESPONSE 200
[debug] [2017-12-31T22:18:25.379Z] >>> HTTP REQUEST GET https://admin.firebase.com/v1/database/coup-online/tokens  
  
 Sun Dec 31 2017 17:18:25 GMT-0500 (EST)
[debug] [2017-12-31T22:18:25.888Z] <<< HTTP RESPONSE 200
[info] 
[info] === Serving from '/Users/anisrikanth/Documents/COUP ONLINE'...
[info] 
[debug] [2017-12-31T22:18:25.891Z] >>> HTTP REQUEST GET https://cloudresourcemanager.googleapis.com/v1/projects/coup-online  
  
 Sun Dec 31 2017 17:18:25 GMT-0500 (EST)
[debug] [2017-12-31T22:18:26.403Z] <<< HTTP RESPONSE 200
[debug] [2017-12-31T22:18:26.405Z] >>> HTTP REQUEST GET https://mobilesdk-pa.googleapis.com/v1/projects/90788511190/clients/_:getWebAppConfig  
  
 Sun Dec 31 2017 17:18:26 GMT-0500 (EST)
[debug] [2017-12-31T22:18:26.711Z] <<< HTTP RESPONSE 200
[debug] [2017-12-31T22:18:26.725Z] TypeError: Cannot read property 'public' of undefined
    at Server.<anonymous> (/usr/local/lib/node_modules/firebase-tools/lib/serve/hosting.js:34:18)
    at Object.onceWrapper (events.js:313:30)
    at emitNone (events.js:106:13)
    at Server.emit (events.js:208:7)
    at emitListeningNT (net.js:1378:10)
    at _combinedTickCallback (internal/process/next_tick.js:135:11)
    at process._tickDomainCallback (internal/process/next_tick.js:218:9)
[error] 
[error] Error: An unexpected error has occurred.
